[debug] [2021-06-22T12:54:55.450Z] ----------------------------------------------------------------------
[debug] [2021-06-22T12:54:55.452Z] Command:       /usr/local/bin/node /usr/local/bin/firebase init hosting
[debug] [2021-06-22T12:54:55.453Z] CLI Version:   9.13.1
[debug] [2021-06-22T12:54:55.453Z] Platform:      darwin
[debug] [2021-06-22T12:54:55.453Z] Node Version:  v15.10.0
[debug] [2021-06-22T12:54:55.459Z] Time:          Tue Jun 22 2021 14:54:55 GMT+0200 (Central European Summer Time)
[debug] [2021-06-22T12:54:55.459Z] ----------------------------------------------------------------------
[debug] 
[debug] [2021-06-22T12:54:55.462Z] >>> [apiv2][query] GET https://firebase-public.firebaseio.com/cli.json [none]
[debug] [2021-06-22T12:54:55.487Z] > command requires scopes: ["email","openid","https://www.googleapis.com/auth/cloudplatformprojects.readonly","https://www.googleapis.com/auth/firebase","https://www.googleapis.com/auth/cloud-platform"]
[debug] [2021-06-22T12:54:55.487Z] > authorizing via signed-in user (vladimirovsk@gmail.com)
[info] 
     ######## #### ########  ######## ########     ###     ######  ########
     ##        ##  ##     ## ##       ##     ##  ##   ##  ##       ##
     ######    ##  ########  ######   ########  #########  ######  ######
     ##        ##  ##    ##  ##       ##     ## ##     ##       ## ##
     ##       #### ##     ## ######## ########  ##     ##  ######  ########

You're about to initialize a Firebase project in this directory:

  /Users/s.vladimirov/Project/NodeJS/doc

[info] 
=== Project Setup
[info] 
[info] First, let's associate this project directory with a Firebase project.
[info] You can create multiple project aliases by running firebase use --add, 
[info] but for now we'll just set up a default project.
[info] 
[debug] [2021-06-22T12:54:56.042Z] <<< [apiv2][status] GET https://firebase-public.firebaseio.com/cli.json 200
[debug] [2021-06-22T12:54:56.042Z] <<< [apiv2][body] GET https://firebase-public.firebaseio.com/cli.json {"cloudBuildErrorAfter":1594252800000,"cloudBuildWarnAfter":1590019200000,"defaultNode10After":1594252800000,"minVersion":"3.0.5","node8DeploysDisabledAfter":1613390400000,"node8RuntimeDisabledAfter":1615809600000,"node8WarnAfter":1600128000000}
[info] i  If you want to create a project in a Google Cloud organization or folder, please use "firebase projects:create" instead, and return to this command when you've created the project. 
[debug] [2021-06-22T12:55:20.693Z] > refreshing access token with scopes: ["email","https://www.googleapis.com/auth/cloud-platform","https://www.googleapis.com/auth/cloudplatformprojects.readonly","https://www.googleapis.com/auth/firebase","openid"]
[debug] [2021-06-22T12:55:20.693Z] >>> HTTP REQUEST POST https://www.googleapis.com/oauth2/v3/token  
 <request body omitted>
[debug] [2021-06-22T12:55:21.816Z] <<< HTTP RESPONSE 200 {"expires":"Mon, 01 Jan 1990 00:00:00 GMT","pragma":"no-cache","cache-control":"no-cache, no-store, max-age=0, must-revalidate","date":"Tue, 22 Jun 2021 12:55:21 GMT","content-type":"application/json; charset=utf-8","vary":"X-Origin, Referer, Origin,Accept-Encoding","server":"scaffolding on HTTPServer2","x-xss-protection":"0","x-frame-options":"SAMEORIGIN","x-content-type-options":"nosniff","alt-svc":"h3=\":443\"; ma=2592000,h3-29=\":443\"; ma=2592000,h3-T051=\":443\"; ma=2592000,h3-Q050=\":443\"; ma=2592000,h3-Q046=\":443\"; ma=2592000,h3-Q043=\":443\"; ma=2592000,quic=\":443\"; ma=2592000; v=\"46,43\"","accept-ranges":"none","transfer-encoding":"chunked"}
[debug] [2021-06-22T12:55:21.833Z] >>> HTTP REQUEST POST https://cloudresourcemanager.googleapis.com/v1/projects  
 {"projectId":"it-vladimirov","name":"it-vladimirov"}
[debug] [2021-06-22T12:55:22.879Z] <<< HTTP RESPONSE 200 {"content-type":"application/json; charset=UTF-8","vary":"X-Origin, Referer, Origin,Accept-Encoding","date":"Tue, 22 Jun 2021 12:55:22 GMT","server":"ESF","cache-control":"private","x-xss-protection":"0","x-frame-options":"SAMEORIGIN","x-content-type-options":"nosniff","server-timing":"gfet4t7; dur=829","alt-svc":"h3=\":443\"; ma=2592000,h3-29=\":443\"; ma=2592000,h3-T051=\":443\"; ma=2592000,h3-Q050=\":443\"; ma=2592000,h3-Q046=\":443\"; ma=2592000,h3-Q043=\":443\"; ma=2592000,quic=\":443\"; ma=2592000; v=\"46,43\"","accept-ranges":"none","transfer-encoding":"chunked"}
[debug] [2021-06-22T12:55:22.882Z] > refreshing access token with scopes: []
[debug] [2021-06-22T12:55:22.882Z] >>> HTTP REQUEST POST https://www.googleapis.com/oauth2/v3/token  
 <request body omitted>
[debug] [2021-06-22T12:55:23.061Z] <<< HTTP RESPONSE 200 {"date":"Tue, 22 Jun 2021 12:55:23 GMT","cache-control":"no-cache, no-store, max-age=0, must-revalidate","expires":"Mon, 01 Jan 1990 00:00:00 GMT","pragma":"no-cache","content-type":"application/json; charset=utf-8","vary":"X-Origin, Referer, Origin,Accept-Encoding","server":"scaffolding on HTTPServer2","x-xss-protection":"0","x-frame-options":"SAMEORIGIN","x-content-type-options":"nosniff","alt-svc":"h3=\":443\"; ma=2592000,h3-29=\":443\"; ma=2592000,h3-T051=\":443\"; ma=2592000,h3-Q050=\":443\"; ma=2592000,h3-Q046=\":443\"; ma=2592000,h3-Q043=\":443\"; ma=2592000,quic=\":443\"; ma=2592000; v=\"46,43\"","accept-ranges":"none","transfer-encoding":"chunked"}
[debug] [2021-06-22T12:55:23.079Z] >>> [apiv2][query] GET https://cloudresourcemanager.googleapis.com/v1/operations/cp.6615214856270697969 [none]
[debug] [2021-06-22T12:55:24.111Z] <<< [apiv2][status] GET https://cloudresourcemanager.googleapis.com/v1/operations/cp.6615214856270697969 200
[debug] [2021-06-22T12:55:24.111Z] <<< [apiv2][body] GET https://cloudresourcemanager.googleapis.com/v1/operations/cp.6615214856270697969 {"name":"operations/cp.6615214856270697969"}
[debug] [2021-06-22T12:55:24.612Z] [Project Creation Poller] Retrying task index 0
[debug] [2021-06-22T12:55:24.612Z] >>> [apiv2][query] GET https://cloudresourcemanager.googleapis.com/v1/operations/cp.6615214856270697969 [none]
[debug] [2021-06-22T12:55:25.732Z] <<< [apiv2][status] GET https://cloudresourcemanager.googleapis.com/v1/operations/cp.6615214856270697969 200
[debug] [2021-06-22T12:55:25.732Z] <<< [apiv2][body] GET https://cloudresourcemanager.googleapis.com/v1/operations/cp.6615214856270697969 {"name":"operations/cp.6615214856270697969","metadata":{"@type":"type.googleapis.com/google.cloudresourcemanager.v1.ProjectCreationStatus","gettable":true}}
[debug] [2021-06-22T12:55:26.738Z] [Project Creation Poller] Retrying task index 0
[debug] [2021-06-22T12:55:26.739Z] >>> [apiv2][query] GET https://cloudresourcemanager.googleapis.com/v1/operations/cp.6615214856270697969 [none]
[debug] [2021-06-22T12:55:27.862Z] <<< [apiv2][status] GET https://cloudresourcemanager.googleapis.com/v1/operations/cp.6615214856270697969 200
[debug] [2021-06-22T12:55:27.862Z] <<< [apiv2][body] GET https://cloudresourcemanager.googleapis.com/v1/operations/cp.6615214856270697969 {"name":"operations/cp.6615214856270697969","metadata":{"@type":"type.googleapis.com/google.cloudresourcemanager.v1.ProjectCreationStatus","gettable":true,"ready":true},"done":true,"response":{"@type":"type.googleapis.com/google.cloudresourcemanager.v1.Project","projectNumber":"24170777319","projectId":"it-vladimirov","lifecycleState":"ACTIVE","name":"it-vladimirov","createTime":"2021-06-22T12:55:22.774Z"}}
[debug] [2021-06-22T12:55:27.865Z] > refreshing access token with scopes: ["email","https://www.googleapis.com/auth/cloud-platform","https://www.googleapis.com/auth/cloudplatformprojects.readonly","https://www.googleapis.com/auth/firebase","openid"]
[debug] [2021-06-22T12:55:27.865Z] >>> HTTP REQUEST POST https://www.googleapis.com/oauth2/v3/token  
 <request body omitted>
[debug] [2021-06-22T12:55:28.063Z] <<< HTTP RESPONSE 200 {"expires":"Mon, 01 Jan 1990 00:00:00 GMT","cache-control":"no-cache, no-store, max-age=0, must-revalidate","pragma":"no-cache","date":"Tue, 22 Jun 2021 12:55:28 GMT","content-type":"application/json; charset=utf-8","vary":"X-Origin, Referer, Origin,Accept-Encoding","server":"scaffolding on HTTPServer2","x-xss-protection":"0","x-frame-options":"SAMEORIGIN","x-content-type-options":"nosniff","alt-svc":"h3=\":443\"; ma=2592000,h3-29=\":443\"; ma=2592000,h3-T051=\":443\"; ma=2592000,h3-Q050=\":443\"; ma=2592000,h3-Q046=\":443\"; ma=2592000,h3-Q043=\":443\"; ma=2592000,quic=\":443\"; ma=2592000; v=\"46,43\"","accept-ranges":"none","transfer-encoding":"chunked"}
[debug] [2021-06-22T12:55:28.080Z] >>> HTTP REQUEST POST https://firebase.googleapis.com/v1beta1/projects/it-vladimirov:addFirebase  
 
[debug] [2021-06-22T12:55:31.751Z] <<< HTTP RESPONSE 200 {"content-type":"application/json; charset=UTF-8","vary":"X-Origin, Referer, Origin,Accept-Encoding","date":"Tue, 22 Jun 2021 12:55:31 GMT","server":"ESF","cache-control":"private","x-xss-protection":"0","x-frame-options":"SAMEORIGIN","x-content-type-options":"nosniff","alt-svc":"h3=\":443\"; ma=2592000,h3-29=\":443\"; ma=2592000,h3-T051=\":443\"; ma=2592000,h3-Q050=\":443\"; ma=2592000,h3-Q046=\":443\"; ma=2592000,h3-Q043=\":443\"; ma=2592000,quic=\":443\"; ma=2592000; v=\"46,43\"","accept-ranges":"none","transfer-encoding":"chunked"}
[debug] [2021-06-22T12:55:31.751Z] > refreshing access token with scopes: []
[debug] [2021-06-22T12:55:31.751Z] >>> HTTP REQUEST POST https://www.googleapis.com/oauth2/v3/token  
 <request body omitted>
[debug] [2021-06-22T12:55:31.920Z] <<< HTTP RESPONSE 200 {"date":"Tue, 22 Jun 2021 12:55:31 GMT","cache-control":"no-cache, no-store, max-age=0, must-revalidate","pragma":"no-cache","expires":"Mon, 01 Jan 1990 00:00:00 GMT","content-type":"application/json; charset=utf-8","vary":"X-Origin, Referer, Origin,Accept-Encoding","server":"scaffolding on HTTPServer2","x-xss-protection":"0","x-frame-options":"SAMEORIGIN","x-content-type-options":"nosniff","alt-svc":"h3=\":443\"; ma=2592000,h3-29=\":443\"; ma=2592000,h3-T051=\":443\"; ma=2592000,h3-Q050=\":443\"; ma=2592000,h3-Q046=\":443\"; ma=2592000,h3-Q043=\":443\"; ma=2592000,quic=\":443\"; ma=2592000; v=\"46,43\"","accept-ranges":"none","transfer-encoding":"chunked"}
[debug] [2021-06-22T12:55:31.941Z] >>> [apiv2][query] GET https://firebase.googleapis.com/v1beta1/operations/workflows/MmU3MDc3MTktNWUwYy00OWIwLWFiZmQtNWMzZGNiM2Q4ZGY5 [none]
[debug] [2021-06-22T12:55:32.803Z] <<< [apiv2][status] GET https://firebase.googleapis.com/v1beta1/operations/workflows/MmU3MDc3MTktNWUwYy00OWIwLWFiZmQtNWMzZGNiM2Q4ZGY5 200
[debug] [2021-06-22T12:55:32.803Z] <<< [apiv2][body] GET https://firebase.googleapis.com/v1beta1/operations/workflows/MmU3MDc3MTktNWUwYy00OWIwLWFiZmQtNWMzZGNiM2Q4ZGY5 {"name":"operations/workflows/MmU3MDc3MTktNWUwYy00OWIwLWFiZmQtNWMzZGNiM2Q4ZGY5"}
[debug] [2021-06-22T12:55:33.306Z] [Add Firebase Poller] Retrying task index 0
[debug] [2021-06-22T12:55:33.307Z] >>> [apiv2][query] GET https://firebase.googleapis.com/v1beta1/operations/workflows/MmU3MDc3MTktNWUwYy00OWIwLWFiZmQtNWMzZGNiM2Q4ZGY5 [none]
[debug] [2021-06-22T12:55:34.341Z] <<< [apiv2][status] GET https://firebase.googleapis.com/v1beta1/operations/workflows/MmU3MDc3MTktNWUwYy00OWIwLWFiZmQtNWMzZGNiM2Q4ZGY5 200
[debug] [2021-06-22T12:55:34.341Z] <<< [apiv2][body] GET https://firebase.googleapis.com/v1beta1/operations/workflows/MmU3MDc3MTktNWUwYy00OWIwLWFiZmQtNWMzZGNiM2Q4ZGY5 {"name":"operations/workflows/MmU3MDc3MTktNWUwYy00OWIwLWFiZmQtNWMzZGNiM2Q4ZGY5"}
[debug] [2021-06-22T12:55:35.344Z] [Add Firebase Poller] Retrying task index 0
[debug] [2021-06-22T12:55:35.344Z] >>> [apiv2][query] GET https://firebase.googleapis.com/v1beta1/operations/workflows/MmU3MDc3MTktNWUwYy00OWIwLWFiZmQtNWMzZGNiM2Q4ZGY5 [none]
[debug] [2021-06-22T12:55:35.825Z] <<< [apiv2][status] GET https://firebase.googleapis.com/v1beta1/operations/workflows/MmU3MDc3MTktNWUwYy00OWIwLWFiZmQtNWMzZGNiM2Q4ZGY5 200
[debug] [2021-06-22T12:55:35.826Z] <<< [apiv2][body] GET https://firebase.googleapis.com/v1beta1/operations/workflows/MmU3MDc3MTktNWUwYy00OWIwLWFiZmQtNWMzZGNiM2Q4ZGY5 {"name":"operations/workflows/MmU3MDc3MTktNWUwYy00OWIwLWFiZmQtNWMzZGNiM2Q4ZGY5"}
[debug] [2021-06-22T12:55:37.826Z] [Add Firebase Poller] Retrying task index 0
[debug] [2021-06-22T12:55:37.827Z] >>> [apiv2][query] GET https://firebase.googleapis.com/v1beta1/operations/workflows/MmU3MDc3MTktNWUwYy00OWIwLWFiZmQtNWMzZGNiM2Q4ZGY5 [none]
[debug] [2021-06-22T12:55:38.807Z] <<< [apiv2][status] GET https://firebase.googleapis.com/v1beta1/operations/workflows/MmU3MDc3MTktNWUwYy00OWIwLWFiZmQtNWMzZGNiM2Q4ZGY5 200
[debug] [2021-06-22T12:55:38.808Z] <<< [apiv2][body] GET https://firebase.googleapis.com/v1beta1/operations/workflows/MmU3MDc3MTktNWUwYy00OWIwLWFiZmQtNWMzZGNiM2Q4ZGY5 {"name":"operations/workflows/MmU3MDc3MTktNWUwYy00OWIwLWFiZmQtNWMzZGNiM2Q4ZGY5"}
[debug] [2021-06-22T12:55:42.809Z] [Add Firebase Poller] Retrying task index 0
[debug] [2021-06-22T12:55:42.811Z] >>> [apiv2][query] GET https://firebase.googleapis.com/v1beta1/operations/workflows/MmU3MDc3MTktNWUwYy00OWIwLWFiZmQtNWMzZGNiM2Q4ZGY5 [none]
[debug] [2021-06-22T12:55:43.312Z] <<< [apiv2][status] GET https://firebase.googleapis.com/v1beta1/operations/workflows/MmU3MDc3MTktNWUwYy00OWIwLWFiZmQtNWMzZGNiM2Q4ZGY5 200
[debug] [2021-06-22T12:55:43.312Z] <<< [apiv2][body] GET https://firebase.googleapis.com/v1beta1/operations/workflows/MmU3MDc3MTktNWUwYy00OWIwLWFiZmQtNWMzZGNiM2Q4ZGY5 {"name":"operations/workflows/MmU3MDc3MTktNWUwYy00OWIwLWFiZmQtNWMzZGNiM2Q4ZGY5","done":true,"response":{"@type":"type.googleapis.com/google.firebase.service.v1beta1.FirebaseProject","projectId":"it-vladimirov","projectNumber":"24170777319","displayName":"it-vladimirov","name":"projects/it-vladimirov","resources":{"hostingSite":"it-vladimirov"}}}
[info] 
[info] 🎉🎉🎉 Your Firebase project is ready! 🎉🎉🎉
[info] 
[info] Project information:
[info]    - Project ID: it-vladimirov
[info]    - Project Name: it-vladimirov
[info] 
[info] Firebase console is available at
[info] https://console.firebase.google.com/project/it-vladimirov/overview
[info] i  Using project it-vladimirov (it-vladimirov) 
[info] 
=== Hosting Setup
[info] 
[info] Your public directory is the folder (relative to your project directory) that
[info] will contain Hosting assets to be uploaded with firebase deploy. If you
[info] have a build process for your assets, use your build's output directory.
[info] 
[debug] [2021-06-22T12:56:39.864Z] >>> [apiv2][query] GET https://www.gstatic.com/firebasejs/releases.json [none]
[debug] [2021-06-22T12:56:40.013Z] <<< [apiv2][status] GET https://www.gstatic.com/firebasejs/releases.json 200
[debug] [2021-06-22T12:56:40.014Z] <<< [apiv2][body] GET https://www.gstatic.com/firebasejs/releases.json {"current":{"version":"8.6.8","browserURL":"https://www.gstatic.com/firebasejs/8.6.8/firebase.js","packageURL":"https://www.gstatic.com/firebasejs/8.6.8/firebase.tgz"},"live":{"version":"8.6","browserURL":"https://www.gstatic.com/firebasejs/live/8.6/firebase.js","packageURL":"https://www.gstatic.com/firebasejs/live/8.6/firebase.tgz"},"components":{"analytics":"https://www.gstatic.com/firebasejs/8.6.8/firebase-analytics.js","app":"https://www.gstatic.com/firebasejs/8.6.8/firebase-app.js","app-check":"https://www.gstatic.com/firebasejs/8.6.8/firebase-app-check.js","auth":"https://www.gstatic.com/firebasejs/8.6.8/firebase-auth.js","database":"https://www.gstatic.com/firebasejs/8.6.8/firebase-database.js","firestore":"https://www.gstatic.com/firebasejs/8.6.8/firebase-firestore.js","functions":"https://www.gstatic.com/firebasejs/8.6.8/firebase-functions.js","installations":"https://www.gstatic.com/firebasejs/8.6.8/firebase-installations.js","messaging":"https://www.gstatic.com/firebasejs/8.6.8/firebase-messaging.js","storage":"https://www.gstatic.com/firebasejs/8.6.8/firebase-storage.js","performance":"https://www.gstatic.com/firebasejs/8.6.8/firebase-performance.js","remote-config":"https://www.gstatic.com/firebasejs/8.6.8/firebase-remote-config.js","firestore.memory":"https://www.gstatic.com/firebasejs/8.6.8/firebase-firestore.memory.js"}}
[info] ✔  Wrote public/index.html 
[info] 
[info] i  Didn't detect a .git folder. Assuming /Users/s.vladimirov/Project/NodeJS/doc is the project root. 
[info] i  Authorizing with GitHub to upload your service account to a GitHub repository's secrets store. 
[info] 
[info] Visit this URL on this device to log in:
[info] https://github.com/login/oauth/authorize?client_id=89cf50f02ac6aaed3484&state=252862504&redirect_uri=http%3A%2F%2Flocalhost%3A9005&scope=read%3Auser%20repo%20public_repo
[info] 
[info] Waiting for authentication...
[debug] [2021-06-22T12:56:41.465Z] >>> HTTP REQUEST POST https://github.com/login/oauth/access_token  
 {"client_id":"89cf50f02ac6aaed3484","client_secret":"3330d14abc895d9a74d5f17cd7a00711fa2c5bf0","code":"09a8cbc990fa6934bf10","redirect_uri":"http://localhost:9005","state":"252862504"}
[debug] [2021-06-22T12:56:41.832Z] <<< HTTP RESPONSE 200 {"server":"GitHub.com","date":"Tue, 22 Jun 2021 12:56:41 GMT","content-type":"application/json; charset=utf-8","transfer-encoding":"chunked","vary":"X-PJAX, Accept-Encoding, Accept, X-Requested-With","permissions-policy":"interest-cohort=()","etag":"W/\"bf2b8ec288720c83b677cec4de5f4315\"","cache-control":"max-age=0, private, must-revalidate","strict-transport-security":"max-age=31536000; includeSubdomains; preload","x-frame-options":"deny","x-content-type-options":"nosniff","x-xss-protection":"0","referrer-policy":"origin-when-cross-origin, strict-origin-when-cross-origin","expect-ct":"max-age=2592000, report-uri=\"https://api.github.com/_private/browser/errors\"","content-security-policy":"default-src 'none'; base-uri 'self'; block-all-mixed-content; connect-src 'self' uploads.github.com www.githubstatus.com collector.githubapp.com api.github.com github-cloud.s3.amazonaws.com github-production-repository-file-5c1aeb.s3.amazonaws.com github-production-upload-manifest-file-7fdce7.s3.amazonaws.com github-production-user-asset-6210df.s3.amazonaws.com cdn.optimizely.com logx.optimizely.com/v1/events translator.github.com wss://alive.github.com; font-src github.githubassets.com; form-action 'self' github.com gist.github.com; frame-ancestors 'none'; frame-src render.githubusercontent.com render-temp.githubusercontent.com viewscreen.githubusercontent.com; img-src 'self' data: github.githubassets.com identicons.github.com collector.githubapp.com github-cloud.s3.amazonaws.com secured-user-images.githubusercontent.com/ *.githubusercontent.com; manifest-src 'self'; media-src 'none'; script-src github.githubassets.com; style-src 'unsafe-inline' github.githubassets.com; worker-src github.com/socket-worker-3f088aa2.js gist.github.com/socket-worker-3f088aa2.js","x-github-request-id":"FF2F:1A89:19CD3A6:1A95926:60D1DE09"}
[debug] [2021-06-22T12:56:41.836Z] >>> [apiv2][query] GET https://api.github.com/user [none]
[debug] [2021-06-22T12:56:43.292Z] <<< [apiv2][status] GET https://api.github.com/user 200
[debug] [2021-06-22T12:56:43.293Z] <<< [apiv2][body] GET https://api.github.com/user {"login":"vladimirovsk","id":11759631,"node_id":"MDQ6VXNlcjExNzU5NjMx","avatar_url":"https://avatars.githubusercontent.com/u/11759631?v=4","gravatar_id":"","url":"https://api.github.com/users/vladimirovsk","html_url":"https://github.com/vladimirovsk","followers_url":"https://api.github.com/users/vladimirovsk/followers","following_url":"https://api.github.com/users/vladimirovsk/following{/other_user}","gists_url":"https://api.github.com/users/vladimirovsk/gists{/gist_id}","starred_url":"https://api.github.com/users/vladimirovsk/starred{/owner}{/repo}","subscriptions_url":"https://api.github.com/users/vladimirovsk/subscriptions","organizations_url":"https://api.github.com/users/vladimirovsk/orgs","repos_url":"https://api.github.com/users/vladimirovsk/repos","events_url":"https://api.github.com/users/vladimirovsk/events{/privacy}","received_events_url":"https://api.github.com/users/vladimirovsk/received_events","type":"User","site_admin":false,"name":"Serhii Vladimirov","company":null,"blog":"https://it-vladimirov.com","location":null,"email":"vladimirovsk@gmail.com","hireable":null,"bio":null,"twitter_username":null,"public_repos":16,"public_gists":0,"followers":0,"following":0,"created_at":"2015-04-01T18:54:35Z","updated_at":"2021-06-22T08:12:16Z","private_gists":2,"total_private_repos":0,"owned_private_repos":0,"disk_usage":291752,"collaborators":0,"two_factor_authentication":false,"plan":{"name":"free","space":976562499,"collaborators":0,"private_repos":10000}}
[info] 
[info] ✔  Success! Logged into GitHub as vladimirovsk 
[info] 
[debug] [2021-06-22T12:58:48.990Z] >>> [apiv2][query] GET https://api.github.com/repos//actions/secrets/public-key type=owner
[debug] [2021-06-22T12:58:49.319Z] <<< [apiv2][status] GET https://api.github.com/repos//actions/secrets/public-key 404
[debug] [2021-06-22T12:58:49.319Z] <<< [apiv2][body] GET https://api.github.com/repos//actions/secrets/public-key {"message":"Not Found","documentation_url":"https://docs.github.com/rest"}
